<?xml version="1.0" encoding="UTF-8"?>
<testsuite name="com.heejin.admin.web.IndexControllerTest" tests="1" skipped="0" failures="0" errors="0" timestamp="2020-07-20T19:34:58" hostname="LAPTOP-HR9QSRVC" time="0.532">
  <properties/>
  <testcase name="메인페이지_로딩" classname="com.heejin.admin.web.IndexControllerTest" time="0.532"/>
  <system-out><![CDATA[04:34:47.943 [Test worker] DEBUG org.springframework.test.context.junit4.SpringJUnit4ClassRunner - SpringJUnit4ClassRunner constructor called with [class com.heejin.admin.web.IndexControllerTest]
04:34:47.954 [Test worker] DEBUG org.springframework.test.context.BootstrapUtils - Instantiating CacheAwareContextLoaderDelegate from class [org.springframework.test.context.cache.DefaultCacheAwareContextLoaderDelegate]
04:34:47.968 [Test worker] DEBUG org.springframework.test.context.BootstrapUtils - Instantiating BootstrapContext using constructor [public org.springframework.test.context.support.DefaultBootstrapContext(java.lang.Class,org.springframework.test.context.CacheAwareContextLoaderDelegate)]
04:34:47.992 [Test worker] DEBUG org.springframework.test.context.BootstrapUtils - Instantiating TestContextBootstrapper for test class [com.heejin.admin.web.IndexControllerTest] from class [org.springframework.boot.test.context.SpringBootTestContextBootstrapper]
04:34:48.008 [Test worker] INFO org.springframework.boot.test.context.SpringBootTestContextBootstrapper - Neither @ContextConfiguration nor @ContextHierarchy found for test class [com.heejin.admin.web.IndexControllerTest], using SpringBootContextLoader
04:34:48.012 [Test worker] DEBUG org.springframework.test.context.support.AbstractContextLoader - Did not detect default resource location for test class [com.heejin.admin.web.IndexControllerTest]: class path resource [com/heejin/admin/web/IndexControllerTest-context.xml] does not exist
04:34:48.013 [Test worker] DEBUG org.springframework.test.context.support.AbstractContextLoader - Did not detect default resource location for test class [com.heejin.admin.web.IndexControllerTest]: class path resource [com/heejin/admin/web/IndexControllerTestContext.groovy] does not exist
04:34:48.013 [Test worker] INFO org.springframework.test.context.support.AbstractContextLoader - Could not detect default resource locations for test class [com.heejin.admin.web.IndexControllerTest]: no resource found for suffixes {-context.xml, Context.groovy}.
04:34:48.014 [Test worker] INFO org.springframework.test.context.support.AnnotationConfigContextLoaderUtils - Could not detect default configuration classes for test class [com.heejin.admin.web.IndexControllerTest]: IndexControllerTest does not declare any static, non-private, non-final, nested classes annotated with @Configuration.
04:34:48.073 [Test worker] DEBUG org.springframework.test.context.support.ActiveProfilesUtils - Could not find an 'annotation declaring class' for annotation type [org.springframework.test.context.ActiveProfiles] and class [com.heejin.admin.web.IndexControllerTest]
04:34:48.192 [Test worker] DEBUG org.springframework.context.annotation.ClassPathScanningCandidateComponentProvider - Identified candidate component class: file [C:\Users\user\IdeaProjects\springboot-webservice\build\classes\java\main\com\heejin\admin\Application.class]
04:34:48.194 [Test worker] INFO org.springframework.boot.test.context.SpringBootTestContextBootstrapper - Found @SpringBootConfiguration com.heejin.admin.Application for test class com.heejin.admin.web.IndexControllerTest
04:34:48.340 [Test worker] DEBUG org.springframework.boot.test.context.SpringBootTestContextBootstrapper - @TestExecutionListeners is not present for class [com.heejin.admin.web.IndexControllerTest]: using defaults.
04:34:48.340 [Test worker] INFO org.springframework.boot.test.context.SpringBootTestContextBootstrapper - Loaded default TestExecutionListener class names from location [META-INF/spring.factories]: [org.springframework.boot.test.autoconfigure.restdocs.RestDocsTestExecutionListener, org.springframework.boot.test.autoconfigure.web.client.MockRestServiceServerResetTestExecutionListener, org.springframework.boot.test.autoconfigure.web.servlet.MockMvcPrintOnlyOnFailureTestExecutionListener, org.springframework.boot.test.autoconfigure.web.servlet.WebDriverTestExecutionListener, org.springframework.boot.test.mock.mockito.MockitoTestExecutionListener, org.springframework.boot.test.mock.mockito.ResetMocksTestExecutionListener, org.springframework.test.context.web.ServletTestExecutionListener, org.springframework.test.context.support.DirtiesContextBeforeModesTestExecutionListener, org.springframework.test.context.support.DependencyInjectionTestExecutionListener, org.springframework.test.context.support.DirtiesContextTestExecutionListener, org.springframework.test.context.transaction.TransactionalTestExecutionListener, org.springframework.test.context.jdbc.SqlScriptsTestExecutionListener]
04:34:48.364 [Test worker] INFO org.springframework.boot.test.context.SpringBootTestContextBootstrapper - Using TestExecutionListeners: [org.springframework.test.context.web.ServletTestExecutionListener@94b916d, org.springframework.test.context.support.DirtiesContextBeforeModesTestExecutionListener@7c7f6d14, org.springframework.boot.test.mock.mockito.MockitoTestExecutionListener@33ba75a9, org.springframework.boot.test.autoconfigure.SpringBootDependencyInjectionTestExecutionListener@67182c7c, org.springframework.test.context.support.DirtiesContextTestExecutionListener@328d090b, org.springframework.test.context.transaction.TransactionalTestExecutionListener@351dc583, org.springframework.test.context.jdbc.SqlScriptsTestExecutionListener@556ae9b4, org.springframework.boot.test.autoconfigure.restdocs.RestDocsTestExecutionListener@733754a9, org.springframework.boot.test.autoconfigure.web.client.MockRestServiceServerResetTestExecutionListener@2928ce95, org.springframework.boot.test.autoconfigure.web.servlet.MockMvcPrintOnlyOnFailureTestExecutionListener@72c237ee, org.springframework.boot.test.autoconfigure.web.servlet.WebDriverTestExecutionListener@70e7574b, org.springframework.boot.test.mock.mockito.ResetMocksTestExecutionListener@39bcd7e2]
04:34:48.370 [Test worker] DEBUG org.springframework.test.annotation.ProfileValueUtils - Retrieved @ProfileValueSourceConfiguration [null] for test class [com.heejin.admin.web.IndexControllerTest]
04:34:48.370 [Test worker] DEBUG org.springframework.test.annotation.ProfileValueUtils - Retrieved ProfileValueSource type [class org.springframework.test.annotation.SystemProfileValueSource] for class [com.heejin.admin.web.IndexControllerTest]
04:34:48.376 [Test worker] DEBUG org.springframework.test.annotation.ProfileValueUtils - Retrieved @ProfileValueSourceConfiguration [null] for test class [com.heejin.admin.web.IndexControllerTest]
04:34:48.376 [Test worker] DEBUG org.springframework.test.annotation.ProfileValueUtils - Retrieved ProfileValueSource type [class org.springframework.test.annotation.SystemProfileValueSource] for class [com.heejin.admin.web.IndexControllerTest]
04:34:48.377 [Test worker] DEBUG org.springframework.test.annotation.ProfileValueUtils - Retrieved @ProfileValueSourceConfiguration [null] for test class [com.heejin.admin.web.IndexControllerTest]
04:34:48.377 [Test worker] DEBUG org.springframework.test.annotation.ProfileValueUtils - Retrieved ProfileValueSource type [class org.springframework.test.annotation.SystemProfileValueSource] for class [com.heejin.admin.web.IndexControllerTest]
04:34:48.382 [Test worker] DEBUG org.springframework.test.context.support.AbstractDirtiesContextTestExecutionListener - Before test class: context [DefaultTestContext@1ff1e138 testClass = IndexControllerTest, testInstance = [null], testMethod = [null], testException = [null], mergedContextConfiguration = [WebMergedContextConfiguration@5374371c testClass = IndexControllerTest, locations = '{}', classes = '{class com.heejin.admin.Application}', contextInitializerClasses = '[]', activeProfiles = '{}', propertySourceLocations = '{}', propertySourceProperties = '{org.springframework.boot.test.context.SpringBootTestContextBootstrapper=true, server.port=0}', contextCustomizers = set[org.springframework.boot.test.autoconfigure.properties.PropertyMappingContextCustomizer@0, org.springframework.boot.test.autoconfigure.web.servlet.WebDriverContextCustomizerFactory$Customizer@5a50861, org.springframework.boot.test.context.filter.ExcludeFilterContextCustomizer@4dd22c64, org.springframework.boot.test.json.DuplicateJsonObjectContextCustomizerFactory$DuplicateJsonObjectContextCustomizer@2d6d39b9, org.springframework.boot.test.mock.mockito.MockitoContextCustomizer@0, org.springframework.boot.test.web.client.TestRestTemplateContextCustomizer@61c2721f], resourceBasePath = 'src/main/webapp', contextLoader = 'org.springframework.boot.test.context.SpringBootContextLoader', parent = [null]], attributes = map['org.springframework.test.context.web.ServletTestExecutionListener.activateListener' -> false]], class annotated with @DirtiesContext [false] with mode [null].
04:34:48.383 [Test worker] DEBUG org.springframework.test.annotation.ProfileValueUtils - Retrieved @ProfileValueSourceConfiguration [null] for test class [com.heejin.admin.web.IndexControllerTest]
04:34:48.383 [Test worker] DEBUG org.springframework.test.annotation.ProfileValueUtils - Retrieved ProfileValueSource type [class org.springframework.test.annotation.SystemProfileValueSource] for class [com.heejin.admin.web.IndexControllerTest]
04:34:48.389 [Test worker] DEBUG org.springframework.test.context.support.DependencyInjectionTestExecutionListener - Performing dependency injection for test context [[DefaultTestContext@1ff1e138 testClass = IndexControllerTest, testInstance = com.heejin.admin.web.IndexControllerTest@559ae6f2, testMethod = [null], testException = [null], mergedContextConfiguration = [WebMergedContextConfiguration@5374371c testClass = IndexControllerTest, locations = '{}', classes = '{class com.heejin.admin.Application}', contextInitializerClasses = '[]', activeProfiles = '{}', propertySourceLocations = '{}', propertySourceProperties = '{org.springframework.boot.test.context.SpringBootTestContextBootstrapper=true, server.port=0}', contextCustomizers = set[org.springframework.boot.test.autoconfigure.properties.PropertyMappingContextCustomizer@0, org.springframework.boot.test.autoconfigure.web.servlet.WebDriverContextCustomizerFactory$Customizer@5a50861, org.springframework.boot.test.context.filter.ExcludeFilterContextCustomizer@4dd22c64, org.springframework.boot.test.json.DuplicateJsonObjectContextCustomizerFactory$DuplicateJsonObjectContextCustomizer@2d6d39b9, org.springframework.boot.test.mock.mockito.MockitoContextCustomizer@0, org.springframework.boot.test.web.client.TestRestTemplateContextCustomizer@61c2721f], resourceBasePath = 'src/main/webapp', contextLoader = 'org.springframework.boot.test.context.SpringBootContextLoader', parent = [null]], attributes = map['org.springframework.test.context.web.ServletTestExecutionListener.activateListener' -> false]]].
04:34:48.418 [Test worker] DEBUG org.springframework.test.context.support.TestPropertySourceUtils - Adding inlined properties to environment: {spring.jmx.enabled=false, org.springframework.boot.test.context.SpringBootTestContextBootstrapper=true, server.port=0}

  .   ____          _            __ _ _
 /\\ / ___'_ __ _ _(_)_ __  __ _ \ \ \ \
( ( )\___ | '_ | '_| | '_ \/ _` | \ \ \ \
 \\/  ___)| |_)| | | | | || (_| |  ) ) ) )
  '  |____| .__|_| |_|_| |_\__, | / / / /
 =========|_|==============|___/=/_/_/_/
 :: Spring Boot ::        (v2.1.7.RELEASE)

2020-07-21 04:34:49.403  INFO 6988 --- [    Test worker] c.heejin.admin.web.IndexControllerTest   : Starting IndexControllerTest on LAPTOP-HR9QSRVC with PID 6988 (started by user in C:\Users\user\IdeaProjects\springboot-webservice)
2020-07-21 04:34:49.404  INFO 6988 --- [    Test worker] c.heejin.admin.web.IndexControllerTest   : No active profile set, falling back to default profiles: default
2020-07-21 04:34:50.640  INFO 6988 --- [    Test worker] .s.d.r.c.RepositoryConfigurationDelegate : Bootstrapping Spring Data repositories in DEFAULT mode.
2020-07-21 04:34:50.730  INFO 6988 --- [    Test worker] .s.d.r.c.RepositoryConfigurationDelegate : Finished Spring Data repository scanning in 81ms. Found 1 repository interfaces.
2020-07-21 04:34:51.168  INFO 6988 --- [    Test worker] trationDelegate$BeanPostProcessorChecker : Bean 'org.springframework.transaction.annotation.ProxyTransactionManagementConfiguration' of type [org.springframework.transaction.annotation.ProxyTransactionManagementConfiguration$$EnhancerBySpringCGLIB$$d78effd5] is not eligible for getting processed by all BeanPostProcessors (for example: not eligible for auto-proxying)
2020-07-21 04:34:52.799  INFO 6988 --- [    Test worker] o.s.b.w.embedded.tomcat.TomcatWebServer  : Tomcat initialized with port(s): 0 (http)
2020-07-21 04:34:52.875  INFO 6988 --- [    Test worker] o.apache.catalina.core.StandardService   : Starting service [Tomcat]
2020-07-21 04:34:52.878  INFO 6988 --- [    Test worker] org.apache.catalina.core.StandardEngine  : Starting Servlet engine: [Apache Tomcat/9.0.22]
2020-07-21 04:34:53.487  INFO 6988 --- [    Test worker] o.a.c.c.C.[Tomcat].[localhost].[/]       : Initializing Spring embedded WebApplicationContext
2020-07-21 04:34:53.488  INFO 6988 --- [    Test worker] o.s.web.context.ContextLoader            : Root WebApplicationContext: initialization completed in 3959 ms
2020-07-21 04:34:54.460  INFO 6988 --- [    Test worker] com.zaxxer.hikari.HikariDataSource       : HikariPool-1 - Starting...
2020-07-21 04:34:54.771  INFO 6988 --- [    Test worker] com.zaxxer.hikari.HikariDataSource       : HikariPool-1 - Start completed.
2020-07-21 04:34:54.933  INFO 6988 --- [    Test worker] o.hibernate.jpa.internal.util.LogHelper  : HHH000204: Processing PersistenceUnitInfo [
	name: default
	...]
2020-07-21 04:34:55.134  INFO 6988 --- [    Test worker] org.hibernate.Version                    : HHH000412: Hibernate Core {5.3.10.Final}
2020-07-21 04:34:55.139  INFO 6988 --- [    Test worker] org.hibernate.cfg.Environment            : HHH000206: hibernate.properties not found
2020-07-21 04:34:55.503  INFO 6988 --- [    Test worker] o.hibernate.annotations.common.Version   : HCANN000001: Hibernate Commons Annotations {5.0.4.Final}
2020-07-21 04:34:55.829  INFO 6988 --- [    Test worker] org.hibernate.dialect.Dialect            : HHH000400: Using dialect: org.hibernate.dialect.MySQL5InnoDBDialect
Hibernate: drop table if exists posts
Hibernate: create table posts (id bigint not null auto_increment, created_date datetime, modified_date datetime, author varchar(255), content Text not null, title varchar(500) not null, primary key (id)) engine=InnoDB
2020-07-21 04:34:56.866  INFO 6988 --- [    Test worker] o.h.t.schema.internal.SchemaCreatorImpl  : HHH000476: Executing import script 'org.hibernate.tool.schema.internal.exec.ScriptSourceInputNonExistentImpl@58ed5f44'
2020-07-21 04:34:56.870  INFO 6988 --- [    Test worker] j.LocalContainerEntityManagerFactoryBean : Initialized JPA EntityManagerFactory for persistence unit 'default'
2020-07-21 04:34:58.093  INFO 6988 --- [    Test worker] o.s.s.concurrent.ThreadPoolTaskExecutor  : Initializing ExecutorService 'applicationTaskExecutor'
2020-07-21 04:34:58.204  WARN 6988 --- [    Test worker] aWebConfiguration$JpaWebMvcConfiguration : spring.jpa.open-in-view is enabled by default. Therefore, database queries may be performed during view rendering. Explicitly configure spring.jpa.open-in-view to disable this warning
2020-07-21 04:34:58.311  INFO 6988 --- [    Test worker] o.s.b.a.w.s.WelcomePageHandlerMapping    : Adding welcome page template: index
2020-07-21 04:34:58.939  INFO 6988 --- [    Test worker] o.s.b.w.embedded.tomcat.TomcatWebServer  : Tomcat started on port(s): 9262 (http) with context path ''
2020-07-21 04:34:58.944  INFO 6988 --- [    Test worker] c.heejin.admin.web.IndexControllerTest   : Started IndexControllerTest in 10.522 seconds (JVM running for 12.329)
2020-07-21 04:34:59.273  INFO 6988 --- [o-auto-1-exec-1] o.a.c.c.C.[Tomcat].[localhost].[/]       : Initializing Spring DispatcherServlet 'dispatcherServlet'
2020-07-21 04:34:59.274  INFO 6988 --- [o-auto-1-exec-1] o.s.web.servlet.DispatcherServlet        : Initializing Servlet 'dispatcherServlet'
2020-07-21 04:34:59.313  INFO 6988 --- [o-auto-1-exec-1] o.s.web.servlet.DispatcherServlet        : Completed initialization in 39 ms
]]></system-out>
  <system-err><![CDATA[]]></system-err>
</testsuite>
